#
# A fatal error has been detected by the Java Runtime Environment:
#
#  Internal Error (signature.cpp:54), pid=17420, tid=0x00000000000057b0
#  fatal error: expecting (
#
# JRE version: Java(TM) SE Runtime Environment (8.0_191-b12) (build 1.8.0_191-b12)
# Java VM: Java HotSpot(TM) 64-Bit Server VM (25.191-b12 mixed mode windows-amd64 compressed oops)
# Failed to write core dump. Minidumps are not enabled by default on client versions of Windows
#
# If you would like to submit a bug report, please visit:
#   http://bugreport.java.com/bugreport/crash.jsp
#

---------------  T H R E A D  ---------------

Current thread (0x000000001c71a800):  VMThread [stack: 0x000000001e3e0000,0x000000001e4e0000] [id=22448]

Stack: [0x000000001e3e0000,0x000000001e4e0000]
[error occurred during error reporting (printing stack bounds), id 0xc0000005]

Native frames: (J=compiled Java code, j=interpreted, Vv=VM code, C=native code)

VM_Operation (0x000000001eedf240): GetOrSetLocal, mode: safepoint, requested by thread 0x000000001e51e800


---------------  P R O C E S S  ---------------

Java Threads: ( => current thread )
  0x0000000020aea800 JavaThread "Okio Watchdog" daemon [_thread_blocked, id=24036, stack(0x0000000021db0000,0x0000000021eb0000)]
  0x0000000020109000 JavaThread "OkHttp ConnectionPool" daemon [_thread_blocked, id=17916, stack(0x0000000021cb0000,0x0000000021db0000)]
  0x0000000020178000 JavaThread "Exec Stream Pumper" daemon [_thread_in_native, id=15028, stack(0x00000000216b0000,0x00000000217b0000)]
  0x00000000203db000 JavaThread "Exec Stream Pumper" daemon [_thread_in_native, id=9464, stack(0x00000000215b0000,0x00000000216b0000)]
  0x00000000207b7000 JavaThread "Exec Default Executor" daemon [_thread_in_native, id=13576, stack(0x00000000212b0000,0x00000000213b0000)]
  0x000000001e5e0000 JavaThread "Service Thread" daemon [_thread_blocked, id=1948, stack(0x000000001f4e0000,0x000000001f5e0000)]
  0x000000001e551800 JavaThread "C1 CompilerThread3" daemon [_thread_blocked, id=21120, stack(0x000000001f3e0000,0x000000001f4e0000)]
  0x000000001e546800 JavaThread "C2 CompilerThread2" daemon [_thread_blocked, id=1192, stack(0x000000001f2e0000,0x000000001f3e0000)]
  0x000000001e544800 JavaThread "C2 CompilerThread1" daemon [_thread_blocked, id=22180, stack(0x000000001f1e0000,0x000000001f2e0000)]
  0x000000001e54d000 JavaThread "C2 CompilerThread0" daemon [_thread_blocked, id=1728, stack(0x000000001f0e0000,0x000000001f1e0000)]
  0x000000001e52e000 JavaThread "JDWP Command Reader" daemon [_thread_in_native, id=15016, stack(0x000000001efe0000,0x000000001f0e0000)]
  0x000000001e52a800 JavaThread "JDWP Event Helper Thread" daemon [_thread_blocked, id=23964, stack(0x000000001eee0000,0x000000001efe0000)]
  0x000000001e51e800 JavaThread "JDWP Transport Listener: dt_socket" daemon [_thread_blocked, id=10936, stack(0x000000001ede0000,0x000000001eee0000)]
  0x000000001e51b000 JavaThread "Attach Listener" daemon [_thread_blocked, id=8588, stack(0x000000001ece0000,0x000000001ede0000)]
  0x000000001e51a800 JavaThread "Signal Dispatcher" daemon [_thread_blocked, id=20360, stack(0x000000001ebe0000,0x000000001ece0000)]
  0x0000000002ceb000 JavaThread "Finalizer" daemon [_thread_blocked, id=20328, stack(0x000000001e9e0000,0x000000001eae0000)]
  0x000000001e500800 JavaThread "Reference Handler" daemon [_thread_blocked, id=12888, stack(0x000000001e8e0000,0x000000001e9e0000)]
  0x0000000002bf4800 JavaThread "main" [_thread_blocked, id=12052, stack(0x0000000002a20000,0x0000000002b20000)]

Other Threads:
=>0x000000001c71a800 VMThread [stack: 0x000000001e3e0000,0x000000001e4e0000] [id=22448]
  0x000000001e5fd800 WatcherThread [stack: 0x000000001f5e0000,0x000000001f6e0000] [id=15068]

VM state:at safepoint (normal execution)

VM Mutex/Monitor currently owned by a thread:  ([mutex/lock_event])
[0x0000000002bf1350] Threads_lock - owner thread: 0x000000001c71a800

Heap:
 PSYoungGen      total 76288K, used 29149K [0x000000076b380000, 0x0000000770880000, 0x00000007c0000000)
  eden space 65536K, 29% used [0x000000076b380000,0x000000076c693e50,0x000000076f380000)
  from space 10752K, 89% used [0x000000076f380000,0x000000076fce38f0,0x000000076fe00000)
  to   space 10752K, 0% used [0x000000076fe00000,0x000000076fe00000,0x0000000770880000)
 ParOldGen       total 175104K, used 88K [0x00000006c1a00000, 0x00000006cc500000, 0x000000076b380000)
  object space 175104K, 0% used [0x00000006c1a00000,0x00000006c1a16010,0x00000006cc500000)
 Metaspace       used 17709K, capacity 18660K, committed 18816K, reserved 1064960K
  class space    used 2170K, capacity 2412K, committed 2432K, reserved 1048576K

Card table byte_map: [0x00000000120b0000,0x00000000128b0000] byte_map_base: 0x000000000eaa3000

Marking Bits: (ParMarkBitMap*) 0x000000006e2f3e30
 Begin Bits: [0x0000000013600000, 0x0000000017598000)
 End Bits:   [0x0000000017598000, 0x000000001b530000)

Polling page: 0x0000000000810000

CodeCache: size=245760Kb used=6618Kb max_used=6689Kb free=239141Kb
 bounds [0x0000000002cf0000, 0x0000000003380000, 0x0000000011cf0000]
 total_blobs=2369 nmethods=1959 adapters=330
 compilation: enabled

Compilation events (10 events):
Event: 71.609 Thread 0x000000001e551800 2004       3       org.openqa.selenium.json.JsonOutput::asString (55 bytes)
Event: 71.611 Thread 0x000000001e551800 nmethod 2004 0x00000000033747d0 code [0x0000000003374aa0, 0x0000000003376058]
Event: 71.611 Thread 0x000000001e551800 2005       3       java.lang.CharSequence::chars (14 bytes)
Event: 71.611 Thread 0x000000001e551800 nmethod 2005 0x0000000003376cd0 code [0x0000000003376ea0, 0x0000000003377628]
Event: 71.621 Thread 0x000000001e551800 2006       3       java.util.regex.Matcher::match (109 bytes)
Event: 71.621 Thread 0x000000001e551800 nmethod 2006 0x0000000003377a90 code [0x0000000003377c20, 0x0000000003378028]
Event: 71.630 Thread 0x000000001e551800 2007       3       com.google.common.collect.ImmutableList::iterator (5 bytes)
Event: 71.631 Thread 0x000000001e551800 nmethod 2007 0x0000000003378190 code [0x0000000003378300, 0x00000000033786e8]
Event: 71.731 Thread 0x000000001e544800 2008       4       java.util.regex.Pattern$GroupHead::match (47 bytes)
Event: 71.734 Thread 0x000000001e544800 nmethod 2008 0x000000000337b690 code [0x000000000337b7e0, 0x000000000337ba58]

GC Heap History (2 events):
Event: 17.785 GC heap before
{Heap before GC invocations=1 (full 0):
 PSYoungGen      total 76288K, used 65536K [0x000000076b380000, 0x0000000770880000, 0x00000007c0000000)
  eden space 65536K, 100% used [0x000000076b380000,0x000000076f380000,0x000000076f380000)
  from space 10752K, 0% used [0x000000076fe00000,0x000000076fe00000,0x0000000770880000)
  to   space 10752K, 0% used [0x000000076f380000,0x000000076f380000,0x000000076fe00000)
 ParOldGen       total 175104K, used 0K [0x00000006c1a00000, 0x00000006cc500000, 0x000000076b380000)
  object space 175104K, 0% used [0x00000006c1a00000,0x00000006c1a00000,0x00000006cc500000)
 Metaspace       used 17315K, capacity 18170K, committed 18304K, reserved 1064960K
  class space    used 2141K, capacity 2365K, committed 2432K, reserved 1048576K
Event: 17.792 GC heap after
Heap after GC invocations=1 (full 0):
 PSYoungGen      total 76288K, used 9614K [0x000000076b380000, 0x0000000770880000, 0x00000007c0000000)
  eden space 65536K, 0% used [0x000000076b380000,0x000000076b380000,0x000000076f380000)
  from space 10752K, 89% used [0x000000076f380000,0x000000076fce38f0,0x000000076fe00000)
  to   space 10752K, 0% used [0x000000076fe00000,0x000000076fe00000,0x0000000770880000)
 ParOldGen       total 175104K, used 88K [0x00000006c1a00000, 0x00000006cc500000, 0x000000076b380000)
  object space 175104K, 0% used [0x00000006c1a00000,0x00000006c1a16010,0x00000006cc500000)
 Metaspace       used 17315K, capacity 18170K, committed 18304K, reserved 1064960K
  class space    used 2141K, capacity 2365K, committed 2432K, reserved 1048576K
}

Deoptimization events (10 events):
Event: 2.877 Thread 0x0000000002bf4800 Uncommon trap: reason=class_check action=maybe_recompile pc=0x00000000030eb99c method=java.util.regex.Pattern$Curly.match(Ljava/util/regex/Matcher;ILjava/lang/CharSequence;)Z @ 19
Event: 2.877 Thread 0x0000000002bf4800 Uncommon trap: reason=class_check action=maybe_recompile pc=0x0000000003131158 method=java.util.regex.Matcher.search(I)Z @ 86
Event: 2.877 Thread 0x0000000002bf4800 Uncommon trap: reason=class_check action=maybe_recompile pc=0x0000000003131158 method=java.util.regex.Matcher.search(I)Z @ 86
Event: 2.877 Thread 0x0000000002bf4800 Uncommon trap: reason=class_check action=maybe_recompile pc=0x0000000003131158 method=java.util.regex.Matcher.search(I)Z @ 86
Event: 2.877 Thread 0x0000000002bf4800 Uncommon trap: reason=class_check action=maybe_recompile pc=0x00000000030eb99c method=java.util.regex.Pattern$Curly.match(Ljava/util/regex/Matcher;ILjava/lang/CharSequence;)Z @ 19
Event: 2.885 Thread 0x0000000002bf4800 Uncommon trap: reason=class_check action=maybe_recompile pc=0x00000000030eb99c method=java.util.regex.Pattern$Curly.match(Ljava/util/regex/Matcher;ILjava/lang/CharSequence;)Z @ 19
Event: 2.885 Thread 0x0000000002bf4800 Uncommon trap: reason=class_check action=maybe_recompile pc=0x00000000030eb99c method=java.util.regex.Pattern$Curly.match(Ljava/util/regex/Matcher;ILjava/lang/CharSequence;)Z @ 19
Event: 5.131 Thread 0x0000000002bf4800 Uncommon trap: reason=unstable_if action=reinterpret pc=0x0000000003151764 method=java.util.HashMap.hash(Ljava/lang/Object;)I @ 1
Event: 5.131 Thread 0x0000000002bf4800 Uncommon trap: reason=unstable_if action=reinterpret pc=0x00000000030ba368 method=java.util.HashMap.hash(Ljava/lang/Object;)I @ 1
Event: 5.131 Thread 0x0000000002bf4800 Uncommon trap: reason=unstable_if action=reinterpret pc=0x000000000305d52c method=java.util.HashMap.hash(Ljava/lang/Object;)I @ 1

Classes redefined (3 events):
Event: 2301.216 Thread 0x000000001c71a800 redefined class name=testCase.login, count=1
Event: 2459.168 Thread 0x000000001c71a800 redefined class name=testCase.login, count=2
Event: 2738.549 Thread 0x000000001c71a800 redefined class name=testCase.login, count=3

Internal exceptions (10 events):
Event: 71.290 Thread 0x0000000002bf4800 Exception <a 'java/lang/NoSuchMethodError': java.lang.Object.of(Ljava/lang/Object;)Ljava/util/stream/Stream;> (0x000000076c3eafa0) thrown at [C:\re\workspace\8-2-build-windows-amd64-cygwin\jdk8u191\11896\hotspot\src\share\vm\interpreter\linkResolver.cpp, 
Event: 71.294 Thread 0x0000000002bf4800 Exception <a 'java/net/SocketTimeoutException': Read timed out> (0x000000076c414a18) thrown at [C:\re\workspace\8-2-build-windows-amd64-cygwin\jdk8u191\11896\hotspot\src\share\vm\prims\jni.cpp, line 735]
Event: 71.380 Thread 0x0000000002bf4800 Exception <a 'java/net/SocketTimeoutException': Read timed out> (0x000000076c42c458) thrown at [C:\re\workspace\8-2-build-windows-amd64-cygwin\jdk8u191\11896\hotspot\src\share\vm\prims\jni.cpp, line 735]
Event: 71.394 Thread 0x0000000002bf4800 Exception <a 'java/net/SocketTimeoutException': Read timed out> (0x000000076c44a088) thrown at [C:\re\workspace\8-2-build-windows-amd64-cygwin\jdk8u191\11896\hotspot\src\share\vm\prims\jni.cpp, line 735]
Event: 71.464 Thread 0x0000000002bf4800 Exception <a 'java/net/SocketTimeoutException': Read timed out> (0x000000076c4620f8) thrown at [C:\re\workspace\8-2-build-windows-amd64-cygwin\jdk8u191\11896\hotspot\src\share\vm\prims\jni.cpp, line 735]
Event: 71.475 Thread 0x0000000002bf4800 Exception <a 'java/net/SocketTimeoutException': Read timed out> (0x000000076c477ad0) thrown at [C:\re\workspace\8-2-build-windows-amd64-cygwin\jdk8u191\11896\hotspot\src\share\vm\prims\jni.cpp, line 735]
Event: 71.524 Thread 0x0000000002bf4800 Exception <a 'java/net/SocketTimeoutException': Read timed out> (0x000000076c48fa90) thrown at [C:\re\workspace\8-2-build-windows-amd64-cygwin\jdk8u191\11896\hotspot\src\share\vm\prims\jni.cpp, line 735]
Event: 71.534 Thread 0x0000000002bf4800 Exception <a 'java/net/SocketTimeoutException': Read timed out> (0x000000076c4a5470) thrown at [C:\re\workspace\8-2-build-windows-amd64-cygwin\jdk8u191\11896\hotspot\src\share\vm\prims\jni.cpp, line 735]
Event: 71.610 Thread 0x0000000002bf4800 Exception <a 'java/net/SocketTimeoutException': Read timed out> (0x000000076c4bd570) thrown at [C:\re\workspace\8-2-build-windows-amd64-cygwin\jdk8u191\11896\hotspot\src\share\vm\prims\jni.cpp, line 735]
Event: 71.622 Thread 0x0000000002bf4800 Exception <a 'java/net/SocketTimeoutException': Read timed out> (0x000000076c4d3128) thrown at [C:\re\workspace\8-2-build-windows-amd64-cygwin\jdk8u191\11896\hotspot\src\share\vm\prims\jni.cpp, line 735]

Events (10 events):
Event: 2459.419 Executing VM operation: GetOrSetLocal done
Event: 2520.760 Executing VM operation: ChangeBreakpoints
Event: 2520.761 Executing VM operation: ChangeBreakpoints done
Event: 2577.553 Executing VM operation: ChangeBreakpoints
Event: 2577.553 Executing VM operation: ChangeBreakpoints done
Event: 2733.539 Executing VM operation: ChangeBreakpoints
Event: 2733.539 Executing VM operation: ChangeBreakpoints done
Event: 2738.534 Executing VM operation: RedefineClasses
Event: 2738.549 Executing VM operation: RedefineClasses done
Event: 2738.550 Executing VM operation: GetOrSetLocal


Dynamic libraries:
0x00007ff774530000 - 0x00007ff774567000 	C:\Program Files\Java\jdk1.8.0_191\bin\java.exe
0x00007ffa29300000 - 0x00007ffa294ed000 	C:\Windows\SYSTEM32\ntdll.dll
0x00007ffa28dc0000 - 0x00007ffa28e73000 	C:\Windows\System32\KERNEL32.DLL
0x00007ffa25f10000 - 0x00007ffa261a3000 	C:\Windows\System32\KERNELBASE.dll
0x00007ffa291f0000 - 0x00007ffa29293000 	C:\Windows\System32\ADVAPI32.dll
0x00007ffa28e80000 - 0x00007ffa28f1e000 	C:\Windows\System32\msvcrt.dll
0x00007ffa268f0000 - 0x00007ffa2698e000 	C:\Windows\System32\sechost.dll
0x00007ffa28440000 - 0x00007ffa28562000 	C:\Windows\System32\RPCRT4.dll
0x00007ffa26520000 - 0x00007ffa266b7000 	C:\Windows\System32\USER32.dll
0x00007ffa26450000 - 0x00007ffa26470000 	C:\Windows\System32\win32u.dll
0x00007ffa28570000 - 0x00007ffa28599000 	C:\Windows\System32\GDI32.dll
0x00007ffa25d70000 - 0x00007ffa25f09000 	C:\Windows\System32\gdi32full.dll
0x00007ffa26390000 - 0x00007ffa26430000 	C:\Windows\System32\msvcp_win.dll
0x00007ffa25440000 - 0x00007ffa2553a000 	C:\Windows\System32\ucrtbase.dll
0x00007ffa24150000 - 0x00007ffa243c9000 	C:\Windows\WinSxS\amd64_microsoft.windows.common-controls_6595b64144ccf1df_6.0.17763.1098_none_de762ed45346ee8a\COMCTL32.dll
0x00007ffa28110000 - 0x00007ffa2843c000 	C:\Windows\System32\combase.dll
0x00007ffa253c0000 - 0x00007ffa2543e000 	C:\Windows\System32\bcryptPrimitives.dll
0x00007ffa292a0000 - 0x00007ffa292ce000 	C:\Windows\System32\IMM32.DLL
0x00007ff9f5f90000 - 0x00007ff9f6041000 	C:\Program Files\McAfee\Endpoint Security\Threat Prevention\Ips\EpMPApi.dll
0x00007ffa26470000 - 0x00007ffa264c9000 	C:\Windows\System32\WINTRUST.dll
0x00007ffa25370000 - 0x00007ffa25382000 	C:\Windows\System32\MSASN1.dll
0x00007ffa261b0000 - 0x00007ffa2638c000 	C:\Windows\System32\CRYPT32.dll
0x000000006eb20000 - 0x000000006eb2c000 	C:\Program Files\McAfee\Endpoint Security\Threat Prevention\Ips\EpMPThe.dll
0x00007ffa09b10000 - 0x00007ffa09b46000 	C:\Program Files\McAfee\Endpoint Security\Threat Prevention\Ips\HIPHandlers64.dll
0x00007ffa28d50000 - 0x00007ffa28da2000 	C:\Windows\System32\SHLWAPI.dll
0x000000006cc60000 - 0x000000006cd32000 	C:\Program Files\Java\jdk1.8.0_191\jre\bin\msvcr100.dll
0x000000006dad0000 - 0x000000006e374000 	C:\Program Files\Java\jdk1.8.0_191\jre\bin\server\jvm.dll
0x00007ffa28db0000 - 0x00007ffa28db8000 	C:\Windows\System32\PSAPI.DLL
0x00007ffa10300000 - 0x00007ffa10309000 	C:\Windows\SYSTEM32\WSOCK32.dll
0x00007ffa178f0000 - 0x00007ffa17914000 	C:\Windows\SYSTEM32\WINMM.dll
0x00007ffa1c140000 - 0x00007ffa1c14a000 	C:\Windows\SYSTEM32\VERSION.dll
0x0000000002980000 - 0x00000000029ed000 	C:\Windows\System32\WS2_32.dll
0x00007ffa178c0000 - 0x00007ffa178ed000 	C:\Windows\SYSTEM32\winmmbase.dll
0x00007ffa264d0000 - 0x00007ffa2651a000 	C:\Windows\System32\cfgmgr32.dll
0x000000006ead0000 - 0x000000006eadf000 	C:\Program Files\Java\jdk1.8.0_191\jre\bin\verify.dll
0x000000006e7d0000 - 0x000000006e7f9000 	C:\Program Files\Java\jdk1.8.0_191\jre\bin\java.dll
0x000000006d820000 - 0x000000006d855000 	C:\Program Files\Java\jdk1.8.0_191\jre\bin\jdwp.dll
0x000000006e7a0000 - 0x000000006e7a8000 	C:\Program Files\Java\jdk1.8.0_191\jre\bin\npt.dll
0x000000006e7b0000 - 0x000000006e7c6000 	C:\Program Files\Java\jdk1.8.0_191\jre\bin\zip.dll
0x00007ffa26c10000 - 0x00007ffa28104000 	C:\Windows\System32\SHELL32.dll
0x00007ffa26b50000 - 0x00007ffa26bf8000 	C:\Windows\System32\shcore.dll
0x00007ffa255f0000 - 0x00007ffa25d3d000 	C:\Windows\System32\windows.storage.dll
0x00007ffa25390000 - 0x00007ffa253b4000 	C:\Windows\System32\profapi.dll
0x00007ffa25310000 - 0x00007ffa2536d000 	C:\Windows\System32\powrprof.dll
0x00007ffa252f0000 - 0x00007ffa25301000 	C:\Windows\System32\kernel.appcore.dll
0x00007ffa26430000 - 0x00007ffa26447000 	C:\Windows\System32\cryptsp.dll
0x000000006e6b0000 - 0x000000006e6b9000 	C:\Program Files\Java\jdk1.8.0_191\jre\bin\dt_socket.dll
0x00007ffa24b00000 - 0x00007ffa24b67000 	C:\Windows\system32\mswsock.dll
0x000000006e6c0000 - 0x000000006e6da000 	C:\Program Files\Java\jdk1.8.0_191\jre\bin\net.dll
0x00007ffa24680000 - 0x00007ffa246b3000 	C:\Windows\system32\rsaenh.dll
0x00007ffa25d40000 - 0x00007ffa25d66000 	C:\Windows\System32\bcrypt.dll
0x00007ffa25220000 - 0x00007ffa25248000 	C:\Windows\SYSTEM32\USERENV.dll
0x00007ffa24cd0000 - 0x00007ffa24cdc000 	C:\Windows\SYSTEM32\CRYPTBASE.dll
0x00007ffa24820000 - 0x00007ffa2485d000 	C:\Windows\SYSTEM32\IPHLPAPI.DLL
0x00007ffa26c00000 - 0x00007ffa26c08000 	C:\Windows\System32\NSI.dll
0x00007ffa1d450000 - 0x00007ffa1d466000 	C:\Windows\SYSTEM32\dhcpcsvc6.DLL
0x00007ffa1d390000 - 0x00007ffa1d3ac000 	C:\Windows\SYSTEM32\dhcpcsvc.DLL
0x00007ffa24870000 - 0x00007ffa24936000 	C:\Windows\SYSTEM32\DNSAPI.dll
0x000000006d910000 - 0x000000006d921000 	C:\Program Files\Java\jdk1.8.0_191\jre\bin\nio.dll
0x00007ffa1bc40000 - 0x00007ffa1bc4a000 	C:\Windows\System32\rasadhlp.dll
0x00007ffa1d5a0000 - 0x00007ffa1d619000 	C:\Windows\System32\fwpuclnt.dll
0x000000006d860000 - 0x000000006d884000 	C:\Program Files\Java\jdk1.8.0_191\jre\bin\sunec.dll
0x000000006d810000 - 0x000000006d81b000 	C:\Program Files\Java\jdk1.8.0_191\jre\bin\sunmscapi.dll
0x00007ffa08ea0000 - 0x00007ffa08eb6000 	C:\Windows\system32\napinsp.dll
0x00007ffa08e80000 - 0x00007ffa08e9a000 	C:\Windows\system32\pnrpnsp.dll
0x00007ffa08e70000 - 0x00007ffa08e7e000 	C:\Windows\System32\winrnr.dll
0x00007ffa1c700000 - 0x00007ffa1c71b000 	C:\Windows\system32\NLAapi.dll
0x00007ffa1cc80000 - 0x00007ffa1cc95000 	C:\Windows\system32\wshbth.dll

VM Arguments:
jvm_args: -agentlib:jdwp=transport=dt_socket,address=127.0.0.1:59228,suspend=y,server=n -ea -Didea.test.cyclic.buffer.size=1048576 -Dfile.encoding=UTF-8 
java_command: org.testng.RemoteTestNGStarter -usedefaultlisteners false -socket59224 @w@C:\Users\yanfeit\AppData\Local\Temp\idea_working_dirs_testng.tmp -temp C:\Users\yanfeit\AppData\Local\Temp\idea_testng.tmp
java_class_path (initial): D:\ProgramFiles\IntelliJ IDEA Community Edition 2017.2.7\lib\idea_rt.jar;D:\ProgramFiles\IntelliJ IDEA Community Edition 2017.2.7\plugins\testng\lib\testng-plugin.jar;C:\Program Files\Java\jdk1.8.0_191\jre\lib\charsets.jar;C:\Program Files\Java\jdk1.8.0_191\jre\lib\deploy.jar;C:\Program Files\Java\jdk1.8.0_191\jre\lib\ext\access-bridge-64.jar;C:\Program Files\Java\jdk1.8.0_191\jre\lib\ext\cldrdata.jar;C:\Program Files\Java\jdk1.8.0_191\jre\lib\ext\dnsns.jar;C:\Program Files\Java\jdk1.8.0_191\jre\lib\ext\jaccess.jar;C:\Program Files\Java\jdk1.8.0_191\jre\lib\ext\jfxrt.jar;C:\Program Files\Java\jdk1.8.0_191\jre\lib\ext\localedata.jar;C:\Program Files\Java\jdk1.8.0_191\jre\lib\ext\nashorn.jar;C:\Program Files\Java\jdk1.8.0_191\jre\lib\ext\sunec.jar;C:\Program Files\Java\jdk1.8.0_191\jre\lib\ext\sunjce_provider.jar;C:\Program Files\Java\jdk1.8.0_191\jre\lib\ext\sunmscapi.jar;C:\Program Files\Java\jdk1.8.0_191\jre\lib\ext\sunpkcs11.jar;C:\Program Files\Java\jdk1.8.0_191\jre\lib\ext\zipfs.jar;C:\Program Files\Java\jdk1.8.0_191\jre\lib\javaws.jar;C:\Program Files\Java\jdk1.8.0_191\jre\lib\jce.jar;C:\Program Files\Java\jdk1.8.0_191\jre\lib\jfr.jar;C:\Program Files\Java\jdk1.8.0_191\jre\lib\jfxswt.jar;C:\Program Files\Java\jdk1.8.0_191\jre\lib\jsse.jar;C:\Program Files\Java\jdk1.8.0_191\jre\lib\management-agent.jar;C:\Program Files\Java\jdk1.8.0_191\jre\lib\plugin.jar;C:\Program Files\Java\jdk1.8.0_191\jre\lib\resources.jar;C:\Program Files\Java\jdk1.8.0_191\jre\lib\rt.jar;D:\SelfStudy\SeleniumDemo\target\classes;D:\SoftWares\commons-io-2.6.jar;C:\Work\code\dsf-maven-repository\repository\org\seleniumhq\selenium\selenium-java\3.141.59\selenium-java-3.141.59.jar;C:\Work\code\dsf-maven-repository\repository\org\seleniumhq\selenium\selenium-api\3.141.59\selenium-api-3.141.59.jar;C:\Work\code\dsf-maven-repository\repository\org\seleniumhq\selenium\selenium-chrome-driver\3.141.59\selenium-chrome-driver-3.141.59.jar;C:\Work\code\dsf-maven-repository\re
Launcher Type: SUN_STANDARD

Environment Variables:
JAVA_HOME=C:\Program Files\Java\jdk1.8.0_212
PATH=C:\Program Files (x86)\Common Files\Oracle\Java\javapath;C:\Windows\system32;C:\Windows;C:\Windows\System32\Wbem;C:\Windows\System32\WindowsPowerShell\v1.0\;C:\Windows\System32\OpenSSH\;C:\Program Files\Intel\WiFi\bin\;C:\Program Files\Common Files\Intel\WirelessCommon\;C:\Program Files (x86)\Intel\Intel(R) Management Engine Components\DAL;C:\Program Files\Intel\Intel(R) Management Engine Components\DAL;D:\ProgramFiles\Git\cmd;C:\Program Files\Java\jdk1.8.0_212\bin;D:\ProgramFiles\TortoiseGit\bin;C:\Program Files\Java\jdk1.8.0_212\jre\bin;C:\Program Files\Java\jdk1.8.0_212\lib;D:\ProgramFiles\PuTTY\;D:\ProgramFiles\tibco\as\4.2\bin;D:\ProgramFiles\tibco\ftl\6.2\bin;D:\ProgramFiles\Python38\Scripts\;D:\ProgramFiles\Python38\;C:\Users\yanfeit\AppData\Local\Microsoft\WindowsApps;
USERNAME=yanfeit
OS=Windows_NT
PROCESSOR_IDENTIFIER=Intel64 Family 6 Model 142 Stepping 10, GenuineIntel



---------------  S Y S T E M  ---------------

OS: Windows 10.0 , 64 bit Build 17763 (10.0.17763.475)

CPU:total 8 (initial active 8) (4 cores per cpu, 2 threads per core) family 6 model 142 stepping 10, cmov, cx8, fxsr, mmx, sse, sse2, sse3, ssse3, sse4.1, sse4.2, popcnt, avx, avx2, aes, clmul, erms, 3dnowpref, lzcnt, ht, tsc, tscinvbit, bmi1, bmi2, adx

Memory: 4k page, physical 16669908k(7471128k free), swap 19160276k(5872844k free)

vm_info: Java HotSpot(TM) 64-Bit Server VM (25.191-b12) for windows-amd64 JRE (1.8.0_191-b12), built on Oct  6 2018 09:29:03 by "java_re" with MS VC++ 10.0 (VS2010)

time: Tue Apr 07 11:02:30 2020
elapsed time: 2738 seconds (0d 0h 45m 38s)

